<?xml version="1.0" encoding="UTF-8"?>
<testsuite name="urlshortener.app.repository.URLRepositoryTest" tests="3" skipped="0" failures="0" errors="0" timestamp="2026-06-28T12:28:59" hostname="Sanchits-MacBook.local" time="0.069">
  <properties/>
  <testcase name="findByShortId_returnsEmptyWhenNotFound()" classname="urlshortener.app.repository.URLRepositoryTest" time="0.061"/>
  <testcase name="getNextId_incrementsAndReturnsValue()" classname="urlshortener.app.repository.URLRepositoryTest" time="0.004"/>
  <testcase name="save_and_findByShortId_roundTrip()" classname="urlshortener.app.repository.URLRepositoryTest" time="0.002"/>
  <system-out><![CDATA[]]></system-out>
  <system-err><![CDATA[]]></system-err>
</testsuite>
